{
  "RSpec": {
    "coverage": {
      "/home/saasbook/saas/HLGSA/spec/controllers/application_controller_spec.rb": [

      ],
      "/home/saasbook/saas/HLGSA/spec/controllers/events_controller_spec.rb": [
        1,
        1,
        null,
        1,
        null,
        1,
        5,
        null,
        5,
        null,
        5,
        null,
        null,
        null,
        1,
        1,
        1,
        null,
        null,
        null,
        1,
        1,
        1,
        null,
        null,
        null,
        null,
        1,
        1,
        1,
        null,
        null,
        null,
        1,
        1,
        1,
        1,
        null,
        null,
        null,
        1,
        1,
        null,
        null,
        null,
        null,
        null
      ],
      "/home/saasbook/saas/HLGSA/spec/rails_helper.rb": [
        1,
        1,
        null,
        1,
        1,
        1,
        1,
        null,
        null,
        null,
        null,
        null,
        null,
        null,
        null,
        null,
        null,
        null,
        null,
        null,
        null,
        null,
        null,
        null,
        1,
        null,
        1,
        null,
        null,
        null,
        null,
        1,
        null,
        null,
        null,
        null,
        null,
        null,
        null,
        null,
        null,
        null,
        null,
        null,
        null,
        null,
        1,
        null
      ],
      "/home/saasbook/saas/HLGSA/config/environment.rb": [
        null,
        1,
        null,
        null,
        1
      ],
      "/home/saasbook/saas/HLGSA/config/application.rb": [
        1,
        null,
        null,
        1,
        1,
        1,
        1,
        1,
        null,
        null,
        1,
        null,
        1,
        null,
        null,
        null,
        null,
        1,
        1,
        null,
        null,
        null,
        null,
        null,
        null,
        null,
        null,
        null,
        null,
        null,
        null,
        null,
        null,
        null,
        null,
        null,
        null,
        null,
        null,
        null,
        null,
        null,
        1,
        null,
        null,
        1,
        null,
        null,
        1,
        null,
        null,
        null,
        null,
        null,
        null,
        null,
        null,
        null,
        null,
        1,
        null,
        null,
        1,
        null,
        null,
        1,
        null,
        null,
        null
      ],
      "/home/saasbook/saas/HLGSA/config/boot.rb": [
        1,
        null,
        null,
        1,
        null,
        1
      ],
      "/home/saasbook/saas/HLGSA/config/environments/test.rb": [
        1,
        null,
        null,
        null,
        null,
        null,
        null,
        1,
        null,
        null,
        1,
        1,
        null,
        null,
        1,
        null,
        null,
        1,
        1,
        null,
        null,
        1,
        null,
        null,
        1,
        null,
        null,
        null,
        null,
        1,
        null,
        null,
        1,
        null,
        null,
        1,
        null
      ],
      "/home/saasbook/saas/HLGSA/config/initializers/backtrace_silencers.rb": [
        null,
        null,
        null,
        null,
        null,
        null,
        null
      ],
      "/home/saasbook/saas/HLGSA/config/initializers/inflections.rb": [
        null,
        null,
        null,
        null,
        null,
        null,
        null,
        null,
        null,
        null,
        null,
        null,
        null,
        null,
        null
      ],
      "/home/saasbook/saas/HLGSA/config/initializers/mime_types.rb": [
        null,
        null,
        null,
        null,
        null
      ],
      "/home/saasbook/saas/HLGSA/config/initializers/secret_token.rb": [
        null,
        null,
        null,
        null,
        null,
        null,
        1
      ],
      "/home/saasbook/saas/HLGSA/config/initializers/session_store.rb": [
        null,
        null,
        1,
        null,
        null,
        null,
        null,
        null
      ],
      "/home/saasbook/saas/HLGSA/config/initializers/wrap_parameters.rb": [
        null,
        null,
        null,
        null,
        null,
        null,
        1,
        1,
        null,
        null,
        null,
        1,
        1,
        null
      ],
      "/home/saasbook/saas/HLGSA/app/controllers/application_controller.rb": [
        1,
        1,
        1,
        null
      ],
      "/home/saasbook/saas/HLGSA/app/helpers/application_helper.rb": [
        1,
        null
      ],
      "/home/saasbook/saas/HLGSA/app/helpers/events_helper.rb": [
        1,
        null
      ],
      "/home/saasbook/saas/HLGSA/app/helpers/members_helper.rb": [
        1,
        null
      ],
      "/home/saasbook/saas/HLGSA/app/helpers/sessions_helper.rb": [
        1,
        1,
        0,
        null,
        null
      ],
      "/home/saasbook/saas/HLGSA/app/helpers/users_helper.rb": [
        1,
        null
      ],
      "/home/saasbook/saas/HLGSA/app/helpers/welcome_helper.rb": [
        1,
        null
      ],
      "/home/saasbook/saas/HLGSA/app/controllers/events_controller.rb": [
        1,
        1,
        0,
        null,
        null,
        1,
        0,
        null,
        null,
        1,
        0,
        null,
        null,
        1,
        0,
        null,
        0,
        0,
        0,
        null,
        0,
        0,
        null,
        null,
        0,
        0,
        null,
        0,
        null,
        null,
        null,
        1,
        0,
        null,
        null,
        1,
        0,
        null,
        0,
        0,
        0,
        0,
        null,
        0,
        0,
        0,
        null,
        null,
        0,
        0,
        null,
        0,
        null,
        null,
        null,
        1,
        0,
        0,
        0,
        null,
        null,
        1,
        0,
        null,
        null,
        1,
        0,
        0,
        0,
        0,
        0,
        null,
        null,
        null,
        1,
        1,
        0,
        null,
        null,
        null
      ],
      "/home/saasbook/saas/HLGSA/app/models/event.rb": [
        1,
        1,
        1,
        1,
        null,
        1,
        1,
        1,
        1,
        null
      ],
      "/home/saasbook/saas/HLGSA/app/controllers/members_controller.rb": [
        1,
        1,
        0,
        null,
        null,
        1,
        0,
        null,
        null,
        1,
        0,
        null,
        null,
        1,
        0,
        0,
        null,
        0,
        null,
        0,
        null,
        0,
        null,
        null,
        null,
        1,
        0,
        null,
        null,
        1,
        0,
        0,
        0,
        null,
        0,
        null,
        null,
        null,
        1,
        0,
        0,
        0,
        null,
        null,
        1,
        1,
        0,
        null,
        null,
        null
      ],
      "/home/saasbook/saas/HLGSA/app/models/member.rb": [
        1,
        1,
        1,
        1,
        null,
        1,
        1,
        1,
        1,
        null,
        null
      ],
      "/home/saasbook/saas/HLGSA/app/controllers/sessions_controller.rb": [
        1,
        1,
        null,
        1,
        0,
        0,
        0,
        0,
        null,
        0,
        null,
        null,
        1,
        null,
        null,
        null
      ],
      "/home/saasbook/saas/HLGSA/app/controllers/users_controller.rb": [
        1,
        1,
        null,
        1,
        0,
        null,
        null
      ],
      "/home/saasbook/saas/HLGSA/app/models/user.rb": [
        1,
        1,
        1,
        1,
        1,
        1,
        1,
        1,
        null
      ],
      "/home/saasbook/saas/HLGSA/app/controllers/welcome_controller.rb": [
        1,
        1,
        null,
        null
      ],
      "/home/saasbook/saas/HLGSA/app/mailers/event_mailer.rb": [
        1,
        1,
        null,
        1,
        0,
        0,
        null,
        null,
        null
      ],
      "/home/saasbook/saas/HLGSA/config/routes.rb": [
        1,
        1,
        1,
        1,
        1,
        1,
        1,
        1,
        1,
        1,
        1,
        1,
        1,
        null,
        null,
        null,
        null,
        null,
        null,
        null,
        null,
        null,
        null,
        null,
        null,
        null,
        null,
        null,
        null,
        null,
        null,
        null,
        null,
        null,
        null,
        null,
        null,
        null,
        null,
        null,
        null,
        null,
        null,
        null,
        null,
        null,
        null,
        null,
        null,
        null,
        null,
        null,
        null,
        null,
        null,
        null,
        null,
        null,
        null,
        null,
        null,
        null,
        null,
        null,
        null,
        null,
        null,
        null,
        null,
        null,
        null
      ],
      "/home/saasbook/saas/HLGSA/spec/controllers/members_controller_spec.rb": [
        1,
        1,
        null,
        1,
        null,
        1,
        4,
        null,
        4,
        null,
        null,
        1,
        1,
        1,
        null,
        null,
        null,
        1,
        1,
        1,
        null,
        null,
        null,
        1,
        1,
        1,
        null,
        null,
        null,
        1,
        1,
        null,
        null,
        null,
        null
      ],
      "/home/saasbook/saas/HLGSA/spec/controllers/welcome_controller_spec.rb": [
        null,
        null,
        null,
        null,
        null,
        null,
        null
      ],
      "/home/saasbook/saas/HLGSA/spec/mailers/event_mailer_spec.rb": [
        1,
        null,
        1,
        1,
        null
      ],
      "/home/saasbook/saas/HLGSA/spec/models/event_spec.rb": [

      ]
    },
    "timestamp": 1429279119
  }
}
